<?xml version="1.0" encoding="UTF-8"?>
<!-- Generated by org.testng.reporters.JUnitReportReporter -->
<testsuite skipped="0" hostname="LAPTOP-F1M00SRG" name="com.FR.TestCases.ExecuteTest" tests="3" failures="0" timestamp="06 Sep 2019 01:19:51 GMT" time="10.100" errors="0">
  <testcase name="verifyLaunchApplication" time="1.452" classname="com.FR.TestCases.ExecuteTest"/>
  <testcase name="verifylogin" time="5.115" classname="com.FR.TestCases.ExecuteTest"/>
  <testcase name="verifyTicketBooking" time="3.533" classname="com.FR.TestCases.ExecuteTest"/>
</testsuite> <!-- com.FR.TestCases.ExecuteTest -->
